# JRE version: OpenJDK Runtime Environment Microsoft-8035246 (17.0.8+7) (build 17.0.8+7-LTS)
# Java VM: OpenJDK 64-Bit Server VM Microsoft-8035246 (17.0.8+7-LTS, mixed mode, sharing, tiered, compressed oops, compressed class ptrs, g1 gc, windows-amd64)
GC Precious Log:
 CPUs: 16 total, 16 available
 Memory: 16007M
 Large Page Support: Disabled
 NUMA Support: Disabled
 Compressed Oops: Enabled (32-bit)
 Heap Region Size: 1M
 Heap Min Capacity: 8M
 Heap Initial Capacity: 252M
 Heap Max Capacity: 2G
 Pre-touch: Disabled
 Parallel Workers: 13
 Concurrent Workers: 3
 Concurrent Refinement Workers: 13
 Periodic GC: Disabled
Heap:
 garbage-first heap   total 266240K, used 219941K [0x0000000080000000, 0x0000000100000000)
  region size 1024K, 43 young (44032K), 3 survivors (3072K)
 Metaspace       used 105751K, committed 106944K, reserved 557056K
  class space    used 14734K, committed 15296K, reserved 425984K
GC Heap History (20 events):
Event: 14.663 GC heap before
{Heap before GC invocations=42 (full 0):
 garbage-first heap   total 239616K, used 178618K [0x0000000080000000, 0x0000000100000000)
  region size 1024K, 38 young (38912K), 2 survivors (2048K)
 Metaspace       used 97434K, committed 98432K, reserved 557056K
  class space    used 13672K, committed 14144K, reserved 425984K
}
Event: 14.666 GC heap after
{Heap after GC invocations=43 (full 0):
 garbage-first heap   total 239616K, used 145563K [0x0000000080000000, 0x0000000100000000)
  region size 1024K, 4 young (4096K), 4 survivors (4096K)
 Metaspace       used 97434K, committed 98432K, reserved 557056K
  class space    used 13672K, committed 14144K, reserved 425984K
}
Event: 14.950 GC heap before
{Heap before GC invocations=44 (full 0):
 garbage-first heap   total 256000K, used 186523K [0x0000000080000000, 0x0000000100000000)
  region size 1024K, 42 young (43008K), 4 survivors (4096K)
 Metaspace       used 98560K, committed 99584K, reserved 557056K
  class space    used 13809K, committed 14272K, reserved 425984K
}
Event: 14.954 GC heap after
{Heap after GC invocations=45 (full 0):
 garbage-first heap   total 256000K, used 154110K [0x0000000080000000, 0x0000000100000000)
  region size 1024K, 6 young (6144K), 6 survivors (6144K)
 Metaspace       used 98560K, committed 99584K, reserved 557056K
  class space    used 13809K, committed 14272K, reserved 425984K
}
Event: 15.006 GC heap before
{Heap before GC invocations=45 (full 0):
 garbage-first heap   total 256000K, used 160254K [0x0000000080000000, 0x0000000100000000)
  region size 1024K, 12 young (12288K), 6 survivors (6144K)
 Metaspace       used 98949K, committed 99968K, reserved 557056K
  class space    used 13868K, committed 14336K, reserved 425984K
}
Event: 15.009 GC heap after
{Heap after GC invocations=46 (full 0):
 garbage-first heap   total 256000K, used 154065K [0x0000000080000000, 0x0000000100000000)
  region size 1024K, 1 young (1024K), 1 survivors (1024K)
 Metaspace       used 98949K, committed 99968K, reserved 557056K
  class space    used 13868K, committed 14336K, reserved 425984K
}
Event: 15.292 GC heap before
{Heap before GC invocations=46 (full 0):
 garbage-first heap   total 256000K, used 198097K [0x0000000080000000, 0x0000000100000000)
  region size 1024K, 44 young (45056K), 1 survivors (1024K)
 Metaspace       used 102505K, committed 103552K, reserved 557056K
  class space    used 14377K, committed 14912K, reserved 425984K
}
Event: 15.296 GC heap after
{Heap after GC invocations=47 (full 0):
 garbage-first heap   total 256000K, used 156334K [0x0000000080000000, 0x0000000100000000)
  region size 1024K, 4 young (4096K), 4 survivors (4096K)
 Metaspace       used 102505K, committed 103552K, reserved 557056K
  class space    used 14377K, committed 14912K, reserved 425984K
}
Event: 15.676 GC heap before
{Heap before GC invocations=48 (full 0):
 garbage-first heap   total 266240K, used 201390K [0x0000000080000000, 0x0000000100000000)
  region size 1024K, 48 young (49152K), 4 survivors (4096K)
 Metaspace       used 103864K, committed 105024K, reserved 557056K
  class space    used 14553K, committed 15104K, reserved 425984K
}
Event: 15.680 GC heap after
{Heap after GC invocations=49 (full 0):
 garbage-first heap   total 266240K, used 161771K [0x0000000080000000, 0x0000000100000000)
  region size 1024K, 6 young (6144K), 6 survivors (6144K)
 Metaspace       used 103864K, committed 105024K, reserved 557056K
  class space    used 14553K, committed 15104K, reserved 425984K
}
Event: 15.758 GC heap before
{Heap before GC invocations=49 (full 0):
 garbage-first heap   total 266240K, used 168939K [0x0000000080000000, 0x0000000100000000)
  region size 1024K, 13 young (13312K), 6 survivors (6144K)
 Metaspace       used 104053K, committed 105216K, reserved 557056K
  class space    used 14574K, committed 15104K, reserved 425984K
}
Event: 15.763 GC heap after
{Heap after GC invocations=50 (full 0):
 garbage-first heap   total 266240K, used 162590K [0x0000000080000000, 0x0000000100000000)
  region size 1024K, 2 young (2048K), 2 survivors (2048K)
 Metaspace       used 104053K, committed 105216K, reserved 557056K
  class space    used 14574K, committed 15104K, reserved 425984K
}
Event: 16.038 GC heap before
{Heap before GC invocations=50 (full 0):
 garbage-first heap   total 266240K, used 210718K [0x0000000080000000, 0x0000000100000000)
  region size 1024K, 49 young (50176K), 2 survivors (2048K)
 Metaspace       used 104357K, committed 105472K, reserved 557056K
  class space    used 14577K, committed 15104K, reserved 425984K
}
Event: 16.040 GC heap after
{Heap after GC invocations=51 (full 0):
 garbage-first heap   total 266240K, used 166203K [0x0000000080000000, 0x0000000100000000)
  region size 1024K, 5 young (5120K), 5 survivors (5120K)
 Metaspace       used 104357K, committed 105472K, reserved 557056K
  class space    used 14577K, committed 15104K, reserved 425984K
}
Event: 16.358 GC heap before
{Heap before GC invocations=51 (full 0):
 garbage-first heap   total 266240K, used 214331K [0x0000000080000000, 0x0000000100000000)
  region size 1024K, 53 young (54272K), 5 survivors (5120K)
 Metaspace       used 105204K, committed 106368K, reserved 557056K
  class space    used 14689K, committed 15232K, reserved 425984K
}
Event: 16.362 GC heap after
{Heap after GC invocations=52 (full 0):
 garbage-first heap   total 266240K, used 170988K [0x0000000080000000, 0x0000000100000000)
  region size 1024K, 5 young (5120K), 5 survivors (5120K)
 Metaspace       used 105204K, committed 106368K, reserved 557056K
  class space    used 14689K, committed 15232K, reserved 425984K
}
Event: 16.666 GC heap before
{Heap before GC invocations=52 (full 0):
 garbage-first heap   total 266240K, used 217068K [0x0000000080000000, 0x0000000100000000)
  region size 1024K, 51 young (52224K), 5 survivors (5120K)
 Metaspace       used 105701K, committed 106880K, reserved 557056K
  class space    used 14734K, committed 15296K, reserved 425984K
}
Event: 16.670 GC heap after
{Heap after GC invocations=53 (full 0):
 garbage-first heap   total 266240K, used 177365K [0x0000000080000000, 0x0000000100000000)
  region size 1024K, 7 young (7168K), 7 survivors (7168K)
 Metaspace       used 105701K, committed 106880K, reserved 557056K
  class space    used 14734K, committed 15296K, reserved 425984K
}
Event: 16.807 GC heap before
{Heap before GC invocations=53 (full 0):
 garbage-first heap   total 266240K, used 219349K [0x0000000080000000, 0x0000000100000000)
  region size 1024K, 49 young (50176K), 7 survivors (7168K)
 Metaspace       used 105750K, committed 106944K, reserved 557056K
  class space    used 14734K, committed 15296K, reserved 425984K
}
Event: 16.810 GC heap after
{Heap after GC invocations=54 (full 0):
 garbage-first heap   total 266240K, used 180005K [0x0000000080000000, 0x0000000100000000)
  region size 1024K, 3 young (3072K), 3 survivors (3072K)
 Metaspace       used 105750K, committed 106944K, reserved 557056K
  class space    used 14734K, committed 15296K, reserved 425984K
}

