# JRE version: OpenJDK Runtime Environment Microsoft-8035246 (17.0.8+7) (build 17.0.8+7-LTS)
# Java VM: OpenJDK 64-Bit Server VM Microsoft-8035246 (17.0.8+7-LTS, mixed mode, sharing, tiered, compressed oops, compressed class ptrs, g1 gc, windows-amd64)
GC Precious Log:
 CPUs: 16 total, 16 available
 Memory: 16007M
 Large Page Support: Disabled
 NUMA Support: Disabled
 Compressed Oops: Enabled (32-bit)
 Heap Region Size: 1M
 Heap Min Capacity: 8M
 Heap Initial Capacity: 252M
 Heap Max Capacity: 2G
 Pre-touch: Disabled
 Parallel Workers: 13
 Concurrent Workers: 3
 Concurrent Refinement Workers: 13
 Periodic GC: Disabled
Heap:
 garbage-first heap   total 252928K, used 200213K [0x0000000080000000, 0x0000000100000000)
  region size 1024K, 14 young (14336K), 3 survivors (3072K)
 Metaspace       used 105653K, committed 106880K, reserved 557056K
  class space    used 14770K, committed 15360K, reserved 425984K
GC Heap History (20 events):
Event: 14.601 GC heap before
{Heap before GC invocations=53 (full 0):
 garbage-first heap   total 252928K, used 162638K [0x0000000080000000, 0x0000000100000000)
  region size 1024K, 12 young (12288K), 8 survivors (8192K)
 Metaspace       used 98313K, committed 99392K, reserved 557056K
  class space    used 13823K, committed 14272K, reserved 425984K
}
Event: 14.605 GC heap after
{Heap after GC invocations=54 (full 0):
 garbage-first heap   total 252928K, used 159845K [0x0000000080000000, 0x0000000100000000)
  region size 1024K, 2 young (2048K), 2 survivors (2048K)
 Metaspace       used 98313K, committed 99392K, reserved 557056K
  class space    used 13823K, committed 14272K, reserved 425984K
}
Event: 14.901 GC heap before
{Heap before GC invocations=54 (full 0):
 garbage-first heap   total 252928K, used 203877K [0x0000000080000000, 0x0000000100000000)
  region size 1024K, 45 young (46080K), 2 survivors (2048K)
 Metaspace       used 101931K, committed 103040K, reserved 557056K
  class space    used 14344K, committed 14848K, reserved 425984K
}
Event: 14.903 GC heap after
{Heap after GC invocations=55 (full 0):
 garbage-first heap   total 252928K, used 161146K [0x0000000080000000, 0x0000000100000000)
  region size 1024K, 3 young (3072K), 3 survivors (3072K)
 Metaspace       used 101931K, committed 103040K, reserved 557056K
  class space    used 14344K, committed 14848K, reserved 425984K
}
Event: 15.372 GC heap before
{Heap before GC invocations=55 (full 0):
 garbage-first heap   total 252928K, used 207226K [0x0000000080000000, 0x0000000100000000)
  region size 1024K, 48 young (49152K), 3 survivors (3072K)
 Metaspace       used 103404K, committed 104576K, reserved 557056K
  class space    used 14532K, committed 15040K, reserved 425984K
}
Event: 15.377 GC heap after
{Heap after GC invocations=56 (full 0):
 garbage-first heap   total 252928K, used 167461K [0x0000000080000000, 0x0000000100000000)
  region size 1024K, 6 young (6144K), 6 survivors (6144K)
 Metaspace       used 103404K, committed 104576K, reserved 557056K
  class space    used 14532K, committed 15040K, reserved 425984K
}
Event: 15.727 GC heap before
{Heap before GC invocations=56 (full 0):
 garbage-first heap   total 252928K, used 209445K [0x0000000080000000, 0x0000000100000000)
  region size 1024K, 47 young (48128K), 6 survivors (6144K)
 Metaspace       used 104042K, committed 105152K, reserved 557056K
  class space    used 14592K, committed 15104K, reserved 425984K
}
Event: 15.731 GC heap after
{Heap after GC invocations=57 (full 0):
 garbage-first heap   total 252928K, used 172374K [0x0000000080000000, 0x0000000100000000)
  region size 1024K, 5 young (5120K), 5 survivors (5120K)
 Metaspace       used 104042K, committed 105152K, reserved 557056K
  class space    used 14592K, committed 15104K, reserved 425984K
}
Event: 15.965 GC heap before
{Heap before GC invocations=57 (full 0):
 garbage-first heap   total 252928K, used 211286K [0x0000000080000000, 0x0000000100000000)
  region size 1024K, 43 young (44032K), 5 survivors (5120K)
 Metaspace       used 104420K, committed 105536K, reserved 557056K
  class space    used 14632K, committed 15168K, reserved 425984K
}
Event: 15.969 GC heap after
{Heap after GC invocations=58 (full 0):
 garbage-first heap   total 252928K, used 176152K [0x0000000080000000, 0x0000000100000000)
  region size 1024K, 5 young (5120K), 5 survivors (5120K)
 Metaspace       used 104420K, committed 105536K, reserved 557056K
  class space    used 14632K, committed 15168K, reserved 425984K
}
Event: 16.231 GC heap before
{Heap before GC invocations=58 (full 0):
 garbage-first heap   total 252928K, used 211992K [0x0000000080000000, 0x0000000100000000)
  region size 1024K, 41 young (41984K), 5 survivors (5120K)
 Metaspace       used 105037K, committed 106240K, reserved 557056K
  class space    used 14714K, committed 15232K, reserved 425984K
}
Event: 16.236 GC heap after
{Heap after GC invocations=59 (full 0):
 garbage-first heap   total 252928K, used 179782K [0x0000000080000000, 0x0000000100000000)
  region size 1024K, 4 young (4096K), 4 survivors (4096K)
 Metaspace       used 105037K, committed 106240K, reserved 557056K
  class space    used 14714K, committed 15232K, reserved 425984K
}
Event: 16.559 GC heap before
{Heap before GC invocations=59 (full 0):
 garbage-first heap   total 252928K, used 212550K [0x0000000080000000, 0x0000000100000000)
  region size 1024K, 37 young (37888K), 4 survivors (4096K)
 Metaspace       used 105524K, committed 106752K, reserved 557056K
  class space    used 14769K, committed 15360K, reserved 425984K
}
Event: 16.562 GC heap after
{Heap after GC invocations=60 (full 0):
 garbage-first heap   total 252928K, used 182419K [0x0000000080000000, 0x0000000100000000)
  region size 1024K, 3 young (3072K), 3 survivors (3072K)
 Metaspace       used 105524K, committed 106752K, reserved 557056K
  class space    used 14769K, committed 15360K, reserved 425984K
}
Event: 16.643 GC heap before
{Heap before GC invocations=60 (full 0):
 garbage-first heap   total 252928K, used 214163K [0x0000000080000000, 0x0000000100000000)
  region size 1024K, 35 young (35840K), 3 survivors (3072K)
 Metaspace       used 105626K, committed 106880K, reserved 557056K
  class space    used 14770K, committed 15360K, reserved 425984K
}
Event: 16.646 GC heap after
{Heap after GC invocations=61 (full 0):
 garbage-first heap   total 252928K, used 187101K [0x0000000080000000, 0x0000000100000000)
  region size 1024K, 5 young (5120K), 5 survivors (5120K)
 Metaspace       used 105626K, committed 106880K, reserved 557056K
  class space    used 14770K, committed 15360K, reserved 425984K
}
Event: 16.760 GC heap before
{Heap before GC invocations=61 (full 0):
 garbage-first heap   total 252928K, used 214749K [0x0000000080000000, 0x0000000100000000)
  region size 1024K, 33 young (33792K), 5 survivors (5120K)
 Metaspace       used 105635K, committed 106880K, reserved 557056K
  class space    used 14770K, committed 15360K, reserved 425984K
}
Event: 16.762 GC heap after
{Heap after GC invocations=62 (full 0):
 garbage-first heap   total 252928K, used 188976K [0x0000000080000000, 0x0000000100000000)
  region size 1024K, 2 young (2048K), 2 survivors (2048K)
 Metaspace       used 105635K, committed 106880K, reserved 557056K
  class space    used 14770K, committed 15360K, reserved 425984K
}
Event: 17.070 GC heap before
{Heap before GC invocations=62 (full 0):
 garbage-first heap   total 252928K, used 217648K [0x0000000080000000, 0x0000000100000000)
  region size 1024K, 30 young (30720K), 2 survivors (2048K)
 Metaspace       used 105635K, committed 106880K, reserved 557056K
  class space    used 14770K, committed 15360K, reserved 425984K
}
Event: 17.072 GC heap after
{Heap after GC invocations=63 (full 0):
 garbage-first heap   total 252928K, used 189973K [0x0000000080000000, 0x0000000100000000)
  region size 1024K, 3 young (3072K), 3 survivors (3072K)
 Metaspace       used 105635K, committed 106880K, reserved 557056K
  class space    used 14770K, committed 15360K, reserved 425984K
}

